2022/03/04 23:22:42 ----- NEW TX -----
2022/03/04 23:22:42 hash: 0xb76710f1829e731f4bbe01555b81b1ff935ab56ca47c042cf6f7eceb6bb6e183
2022/03/04 23:22:42 to: 0xa5043AbEB607a370a16cdBd885Fb7Da6485A4e2C
2022/03/04 23:22:42 gas:500000

2022/03/04 23:36:00 ----- NEW TX -----
2022/03/04 23:36:00 hash: 0xc3f31c24bc88d8eca32e56e51ee5dd60b33d6c67ac3a29abdc7713e4d9be6c72
2022/03/04 23:36:00 to: 0xEc5dC23f4FA6AaC7FCBbcC2849571b04FcaCd75F
2022/03/04 23:36:00 gas:500000

2022/03/04 23:44:11 ----- NEW TX -----
2022/03/04 23:44:11 hash: 0xe11e988c5ea6a7733c905526a3682d7dc526755ede9323e3c74078235765922c
2022/03/04 23:44:11 to: 0x40C9E6e3ba0324E58C0C88C78c8e733a93ac1b61
2022/03/04 23:44:11 gas:500000

2022/03/05 23:10:26 ----- NEW TX -----
2022/03/05 23:10:26 hash: 0x940c2cae0d25d782276199afe1ed9f6c04348734c0949914d1597f8900eec1c6
2022/03/05 23:10:26 to: 0xf7c72EffE3975C25252539685574a5F5bDe19423
2022/03/05 23:10:26 gas:500000

2022/03/05 23:53:50 ----- NEW TX -----
2022/03/05 23:53:50 hash: 0xaadec5e7ebaaf2b45ebadbbda14d78988e9532d30602624b8825ecdf64e9f635
2022/03/05 23:53:50 to: 0x836faa493e68faC2dd6b9250Ace9666fd48c4f09
2022/03/05 23:53:50 gas:500000

2022/03/05 23:56:24 ----- NEW TX -----
2022/03/05 23:56:24 hash: 0x994c1d8d10f35ed2bfac0bbf34e66b7641e63ecf6d7cc1498103722b6ed1e882
2022/03/05 23:56:24 to: 0xa5043AbEB607a370a16cdBd885Fb7Da6485A4e2C
2022/03/05 23:56:24 gas:500000

2022/03/06 02:51:33 ----- NEW TX -----
2022/03/06 02:51:33 hash: 0x18a69f2b120277c7eae0f3159cf324e1f9263f063be8ece02100d153e402b40d
2022/03/06 02:51:33 to: 0xD2AA3Fc2585999Ef9Ca66A1b6be18123b5774be7
2022/03/06 02:51:33 gas:500000

